GC Heap History (10 events):
Event: 5118.819 GC heap before
{Heap before GC invocations=25 (full 4):
 PSYoungGen      total 498176K, used 483466K [0x00000000e0000000, 0x00000000fff00000, 0x0000000100000000)
  eden space 473088K, 100% used [0x00000000e0000000,0x00000000fce00000,0x00000000fce00000)
  from space 25088K, 41% used [0x00000000fe680000,0x00000000ff0a2908,0x00000000fff00000)
  to   space 25088K, 0% used [0x00000000fce00000,0x00000000fce00000,0x00000000fe680000)
 ParOldGen       total 100864K, used 56289K [0x00000000a0000000, 0x00000000a6280000, 0x00000000e0000000)
  object space 100864K, 55% used [0x00000000a0000000,0x00000000a36f84a0,0x00000000a6280000)
 Metaspace       used 105175K, capacity 109072K, committed 110296K, reserved 1144832K
  class space    used 13291K, capacity 14021K, committed 14336K, reserved 1048576K
Event: 5118.888 GC heap after
Heap after GC invocations=25 (full 4):
 PSYoungGen      total 498176K, used 5272K [0x00000000e0000000, 0x00000000fff00000, 0x0000000100000000)
  eden space 473088K, 0% used [0x00000000e0000000,0x00000000e0000000,0x00000000fce00000)
  from space 25088K, 21% used [0x00000000fce00000,0x00000000fd326010,0x00000000fe680000)
  to   space 24576K, 0% used [0x00000000fe700000,0x00000000fe700000,0x00000000fff00000)
 ParOldGen       total 100864K, used 63775K [0x00000000a0000000, 0x00000000a6280000, 0x00000000e0000000)
  object space 100864K, 63% used [0x00000000a0000000,0x00000000a3e47d90,0x00000000a6280000)
 Metaspace       used 105175K, capacity 109072K, committed 110296K, reserved 1144832K
  class space    used 13291K, capacity 14021K, committed 14336K, reserved 1048576K
}
Event: 5128.805 GC heap before
{Heap before GC invocations=26 (full 4):
 PSYoungGen      total 498176K, used 478360K [0x00000000e0000000, 0x00000000fff00000, 0x0000000100000000)
  eden space 473088K, 100% used [0x00000000e0000000,0x00000000fce00000,0x00000000fce00000)
  from space 25088K, 21% used [0x00000000fce00000,0x00000000fd326010,0x00000000fe680000)
  to   space 24576K, 0% used [0x00000000fe700000,0x00000000fe700000,0x00000000fff00000)
 ParOldGen       total 100864K, used 63775K [0x00000000a0000000, 0x00000000a6280000, 0x00000000e0000000)
  object space 100864K, 63% used [0x00000000a0000000,0x00000000a3e47d90,0x00000000a6280000)
 Metaspace       used 105219K, capacity 109080K, committed 110296K, reserved 1144832K
  class space    used 13293K, capacity 14021K, committed 14336K, reserved 1048576K
Event: 5128.927 GC heap after
Heap after GC invocations=26 (full 4):
 PSYoungGen      total 491520K, used 24556K [0x00000000e0000000, 0x0000000100000000, 0x0000000100000000)
  eden space 466944K, 0% used [0x00000000e0000000,0x00000000e0000000,0x00000000fc800000)
  from space 24576K, 99% used [0x00000000fe700000,0x00000000ffefb130,0x00000000fff00000)
  to   space 28672K, 0% used [0x00000000fc800000,0x00000000fc800000,0x00000000fe400000)
 ParOldGen       total 100864K, used 64130K [0x00000000a0000000, 0x00000000a6280000, 0x00000000e0000000)
  object space 100864K, 63% used [0x00000000a0000000,0x00000000a3ea0ae0,0x00000000a6280000)
 Metaspace       used 105219K, capacity 109080K, committed 110296K, reserved 1144832K
  class space    used 13293K, capacity 14021K, committed 14336K, reserved 1048576K
}
Event: 5139.039 GC heap before
{Heap before GC invocations=27 (full 4):
 PSYoungGen      total 491520K, used 491500K [0x00000000e0000000, 0x0000000100000000, 0x0000000100000000)
  eden space 466944K, 100% used [0x00000000e0000000,0x00000000fc800000,0x00000000fc800000)
  from space 24576K, 99% used [0x00000000fe700000,0x00000000ffefb130,0x00000000fff00000)
  to   space 28672K, 0% used [0x00000000fc800000,0x00000000fc800000,0x00000000fe400000)
 ParOldGen       total 100864K, used 64130K [0x00000000a0000000, 0x00000000a6280000, 0x00000000e0000000)
  object space 100864K, 63% used [0x00000000a0000000,0x00000000a3ea0ae0,0x00000000a6280000)
 Metaspace       used 105309K, capacity 109154K, committed 110296K, reserved 1144832K
  class space    used 13294K, capacity 14022K, committed 14336K, reserved 1048576K
Event: 5139.160 GC heap after
Heap after GC invocations=27 (full 4):
 PSYoungGen      total 495616K, used 11936K [0x00000000e0000000, 0x0000000100000000, 0x0000000100000000)
  eden space 466944K, 0% used [0x00000000e0000000,0x00000000e0000000,0x00000000fc800000)
  from space 28672K, 41% used [0x00000000fc800000,0x00000000fd3a8138,0x00000000fe400000)
  to   space 27136K, 0% used [0x00000000fe580000,0x00000000fe580000,0x0000000100000000)
 ParOldGen       total 100864K, used 84876K [0x00000000a0000000, 0x00000000a6280000, 0x00000000e0000000)
  object space 100864K, 84% used [0x00000000a0000000,0x00000000a52e3390,0x00000000a6280000)
 Metaspace       used 105309K, capacity 109154K, committed 110296K, reserved 1144832K
  class space    used 13294K, capacity 14022K, committed 14336K, reserved 1048576K
}
Event: 5139.160 GC heap before
{Heap before GC invocations=28 (full 5):
 PSYoungGen      total 495616K, used 11936K [0x00000000e0000000, 0x0000000100000000, 0x0000000100000000)
  eden space 466944K, 0% used [0x00000000e0000000,0x00000000e0000000,0x00000000fc800000)
  from space 28672K, 41% used [0x00000000fc800000,0x00000000fd3a8138,0x00000000fe400000)
  to   space 27136K, 0% used [0x00000000fe580000,0x00000000fe580000,0x0000000100000000)
 ParOldGen       total 100864K, used 84876K [0x00000000a0000000, 0x00000000a6280000, 0x00000000e0000000)
  object space 100864K, 84% used [0x00000000a0000000,0x00000000a52e3390,0x00000000a6280000)
 Metaspace       used 105309K, capacity 109154K, committed 110296K, reserved 1144832K
  class space    used 13294K, capacity 14022K, committed 14336K, reserved 1048576K
Event: 5140.284 GC heap after
Heap after GC invocations=28 (full 5):
 PSYoungGen      total 495616K, used 0K [0x00000000e0000000, 0x0000000100000000, 0x0000000100000000)
  eden space 466944K, 0% used [0x00000000e0000000,0x00000000e0000000,0x00000000fc800000)
  from space 28672K, 0% used [0x00000000fc800000,0x00000000fc800000,0x00000000fe400000)
  to   space 27136K, 0% used [0x00000000fe580000,0x00000000fe580000,0x0000000100000000)
 ParOldGen       total 189440K, used 87414K [0x00000000a0000000, 0x00000000ab900000, 0x00000000e0000000)
  object space 189440K, 46% used [0x00000000a0000000,0x00000000a555daa8,0x00000000ab900000)
 Metaspace       used 104591K, capacity 108298K, committed 110296K, reserved 1144832K
  class space    used 13135K, capacity 13844K, committed 14336K, reserved 1048576K
}
Event: 5148.697 GC heap before
{Heap before GC invocations=29 (full 5):
 PSYoungGen      total 495616K, used 466944K [0x00000000e0000000, 0x0000000100000000, 0x0000000100000000)
  eden space 466944K, 100% used [0x00000000e0000000,0x00000000fc800000,0x00000000fc800000)
  from space 28672K, 0% used [0x00000000fc800000,0x00000000fc800000,0x00000000fe400000)
  to   space 27136K, 0% used [0x00000000fe580000,0x00000000fe580000,0x0000000100000000)
 ParOldGen       total 189440K, used 87414K [0x00000000a0000000, 0x00000000ab900000, 0x00000000e0000000)
  object space 189440K, 46% used [0x00000000a0000000,0x00000000a555daa8,0x00000000ab900000)
 Metaspace       used 104779K, capacity 108674K, committed 110296K, reserved 1144832K
  class space    used 13170K, capacity 13934K, committed 14336K, reserved 1048576K
Event: 5148.749 GC heap after
Heap after GC invocations=29 (full 5):
 PSYoungGen      total 491008K, used 10861K [0x00000000e0000000, 0x00000000ffb80000, 0x0000000100000000)
  eden space 468480K, 0% used [0x00000000e0000000,0x00000000e0000000,0x00000000fc980000)
  from space 22528K, 48% used [0x00000000fe580000,0x00000000ff01b780,0x00000000ffb80000)
  to   space 25600K, 0% used [0x00000000fc980000,0x00000000fc980000,0x00000000fe280000)
 ParOldGen       total 189440K, used 87414K [0x00000000a0000000, 0x00000000ab900000, 0x00000000e0000000)
  object space 189440K, 46% used [0x00000000a0000000,0x00000000a555daa8,0x00000000ab900000)
 Metaspace       used 104779K, capacity 108674K, committed 110296K, reserved 1144832K
  class space    used 13170K, capacity 13934K, committed 14336K, reserved 1048576K
}

